<?xml version="1.0" encoding="utf-8"?>
<TestRun id="f69d1d82-1ccb-4eae-b9de-f62497e5cfdb" name="edgewords@DESKTOP-4MJFA01 2021-06-10 12:15:20" runUser="DESKTOP-4MJFA01\edgewords" xmlns="http://microsoft.com/schemas/VisualStudio/TeamTest/2010">
  <Times creation="2021-06-10T12:15:20.8472097+01:00" queuing="2021-06-10T12:15:20.8472119+01:00" start="2021-06-10T12:14:52.4272593+01:00" finish="2021-06-10T12:16:09.9998041+01:00" />
  <TestSettings name="default" id="9648b322-3c8d-4f98-8d1c-bd0472a6b1f9">
    <Deployment runDeploymentRoot="edgewords_DESKTOP-4MJFA01_2021-06-10_12_15_20" />
  </TestSettings>
  <Results>
    <UnitTestResult executionId="91a99c47-30fc-425f-a354-3f75c2c439a4" testId="45bb54a3-9a43-51c0-3bbc-530129116107" testName="storesync" computerName="DESKTOP-4MJFA01" duration="00:00:23.5349340" startTime="2021-06-10T12:15:45.9421685+01:00" endTime="2021-06-10T12:16:09.4770980+01:00" testType="13cdc9d9-ddb5-4fa4-a97d-d965ccfc6d4b" outcome="Passed" testListId="8c84fa94-04c1-424b-9868-57a2d4851a1d" relativeResultsDirectory="91a99c47-30fc-425f-a354-3f75c2c439a4">
      <Output>
        <StdOut>Skip to navigation&#xD;
Skip to content&#xD;
Edgewords Shop&#xD;
e-commerce demo site for Training&#xD;
Search for:&#xD;
Search&#xD;
Home&#xD;
Shop&#xD;
Cart&#xD;
Checkout&#xD;
My account&#xD;
Blog&#xD;
£0.00 0 items&#xD;
Welcome&#xD;
Welcome to Edgewords e-commerce demo&#xD;
Please note that no real products can be purchased on this site!&#xD;
Shop by Category&#xD;
Accessories (4)&#xD;
Hoodies (4)&#xD;
Tshirts (4)&#xD;
New In&#xD;
Vneck Tshirt&#xD;
£18.00&#xD;
Add to cart&#xD;
Tshirt&#xD;
£18.00&#xD;
Add to cart&#xD;
Polo&#xD;
£20.00&#xD;
Add to cart&#xD;
Long Sleeve Tee&#xD;
£25.00&#xD;
Add to cart&#xD;
We Recommend&#xD;
Hoodie&#xD;
SALE!&#xD;
£45.00 £42.00&#xD;
Add to cart&#xD;
Hoodie with Zipper&#xD;
£45.00&#xD;
Add to cart&#xD;
Hoodie with Pocket&#xD;
SALE!&#xD;
£45.00 £35.00&#xD;
Add to cart&#xD;
Sunglasses&#xD;
£90.00&#xD;
Add to cart&#xD;
Fan Favorites&#xD;
Beanie&#xD;
SALE!&#xD;
£20.00 £18.00&#xD;
Add to cart&#xD;
Belt&#xD;
SALE!&#xD;
£65.00 £55.00&#xD;
Add to cart&#xD;
Cap&#xD;
SALE!&#xD;
£18.00 £16.00&#xD;
Add to cart&#xD;
Sunglasses&#xD;
£90.00&#xD;
Add to cart&#xD;
On Sale&#xD;
Hoodie&#xD;
SALE!&#xD;
£45.00 £42.00&#xD;
Add to cart&#xD;
Hoodie with Pocket&#xD;
SALE!&#xD;
£45.00 £35.00&#xD;
Add to cart&#xD;
Cap&#xD;
SALE!&#xD;
£18.00 £16.00&#xD;
Add to cart&#xD;
Belt&#xD;
SALE!&#xD;
£65.00 £55.00&#xD;
Add to cart&#xD;
Best Sellers&#xD;
Vneck Tshirt&#xD;
£18.00&#xD;
Add to cart&#xD;
Cap&#xD;
SALE!&#xD;
£18.00 £16.00&#xD;
Add to cart&#xD;
Tshirt&#xD;
£18.00&#xD;
Add to cart&#xD;
Belt&#xD;
SALE!&#xD;
£65.00 £55.00&#xD;
Add to cart&#xD;
© Edgewords Shop 2021&#xD;
Built with Storefront &amp; WooCommerce.&#xD;
searchpos : 934</StdOut>
      </Output>
    </UnitTestResult>
    <UnitTestResult executionId="67bdd19e-1de3-4ad0-8f40-4a656d57bcbe" testId="956dfd24-74a8-177a-b915-da465393d29a" testName="selIDEDemo(&quot;edgewords&quot;,&quot;edgewords123&quot;)" computerName="DESKTOP-4MJFA01" duration="00:00:24.8159190" startTime="2021-06-10T12:14:55.8908837+01:00" endTime="2021-06-10T12:15:20.7064711+01:00" testType="13cdc9d9-ddb5-4fa4-a97d-d965ccfc6d4b" outcome="Failed" testListId="8c84fa94-04c1-424b-9868-57a2d4851a1d" relativeResultsDirectory="67bdd19e-1de3-4ad0-8f40-4a656d57bcbe">
      <Output>
        <StdOut>The parameter value was:</StdOut>
        <ErrorInfo>
          <Message>OpenQA.Selenium.WebDriverTimeoutException : Timed out after 5 seconds&#xD;
  ----&gt; OpenQA.Selenium.NoSuchElementException : Unable to locate element: #name</Message>
          <StackTrace>   at OpenQA.Selenium.Support.UI.DefaultWait`1.ThrowTimeoutException(String exceptionMessage, Exception lastException)&#xD;
   at OpenQA.Selenium.Support.UI.DefaultWait`1.Until[TResult](Func`2 condition)&#xD;
   at com.edgewords.Amtrustcourse.Helpers.Helper_Library.WaitForElement(IWebDriver driver, By locator, Int32 seconds) in C:\Users\edgewords\source\repos\com.edgewords.Amtrustcourse\Helpers\Helper_Library.cs:line 17&#xD;
   at com.edgewords.Amtrustcourse.Test_Cases.SelIDEDemoTest.selIDEDemo(String username, String password) in C:\Users\edgewords\source\repos\com.edgewords.Amtrustcourse\Test_Cases\SelIDEDemoTest.cs:line 89&#xD;
--NoSuchElementException&#xD;
   at OpenQA.Selenium.Remote.RemoteWebDriver.UnpackAndThrowOnError(Response errorResponse)&#xD;
   at OpenQA.Selenium.Remote.RemoteWebDriver.Execute(String driverCommandToExecute, Dictionary`2 parameters)&#xD;
   at OpenQA.Selenium.Remote.RemoteWebDriver.FindElement(String mechanism, String value)&#xD;
   at OpenQA.Selenium.Remote.RemoteWebDriver.FindElementById(String id)&#xD;
   at OpenQA.Selenium.By.&lt;&gt;c__DisplayClass16_0.&lt;Id&gt;b__0(ISearchContext context)&#xD;
   at OpenQA.Selenium.By.FindElement(ISearchContext context)&#xD;
   at OpenQA.Selenium.Remote.RemoteWebDriver.FindElement(By by)&#xD;
   at com.edgewords.Amtrustcourse.Helpers.Helper_Library.&lt;&gt;c__DisplayClass0_0.&lt;WaitForElement&gt;b__0(IWebDriver driver) in C:\Users\edgewords\source\repos\com.edgewords.Amtrustcourse\Helpers\Helper_Library.cs:line 17&#xD;
   at OpenQA.Selenium.Support.UI.DefaultWait`1.Until[TResult](Func`2 condition)</StackTrace>
        </ErrorInfo>
      </Output>
    </UnitTestResult>
    <UnitTestResult executionId="dd278700-0982-4381-9bc0-c994c66fa0a4" testId="a3404dd1-a3c2-73e8-915c-7e19d058efdf" testName="selIDEDemo(&quot;stevepowell123&quot;,&quot;password123&quot;)" computerName="DESKTOP-4MJFA01" duration="00:00:25.2119500" startTime="2021-06-10T12:15:20.7131543+01:00" endTime="2021-06-10T12:15:45.9250268+01:00" testType="13cdc9d9-ddb5-4fa4-a97d-d965ccfc6d4b" outcome="Failed" testListId="8c84fa94-04c1-424b-9868-57a2d4851a1d" relativeResultsDirectory="dd278700-0982-4381-9bc0-c994c66fa0a4">
      <Output>
        <StdOut>The parameter value was:</StdOut>
        <ErrorInfo>
          <Message>OpenQA.Selenium.WebDriverTimeoutException : Timed out after 5 seconds&#xD;
  ----&gt; OpenQA.Selenium.NoSuchElementException : Unable to locate element: #name</Message>
          <StackTrace>   at OpenQA.Selenium.Support.UI.DefaultWait`1.ThrowTimeoutException(String exceptionMessage, Exception lastException)&#xD;
   at OpenQA.Selenium.Support.UI.DefaultWait`1.Until[TResult](Func`2 condition)&#xD;
   at com.edgewords.Amtrustcourse.Helpers.Helper_Library.WaitForElement(IWebDriver driver, By locator, Int32 seconds) in C:\Users\edgewords\source\repos\com.edgewords.Amtrustcourse\Helpers\Helper_Library.cs:line 17&#xD;
   at com.edgewords.Amtrustcourse.Test_Cases.SelIDEDemoTest.selIDEDemo(String username, String password) in C:\Users\edgewords\source\repos\com.edgewords.Amtrustcourse\Test_Cases\SelIDEDemoTest.cs:line 89&#xD;
--NoSuchElementException&#xD;
   at OpenQA.Selenium.Remote.RemoteWebDriver.UnpackAndThrowOnError(Response errorResponse)&#xD;
   at OpenQA.Selenium.Remote.RemoteWebDriver.Execute(String driverCommandToExecute, Dictionary`2 parameters)&#xD;
   at OpenQA.Selenium.Remote.RemoteWebDriver.FindElement(String mechanism, String value)&#xD;
   at OpenQA.Selenium.Remote.RemoteWebDriver.FindElementById(String id)&#xD;
   at OpenQA.Selenium.By.&lt;&gt;c__DisplayClass16_0.&lt;Id&gt;b__0(ISearchContext context)&#xD;
   at OpenQA.Selenium.By.FindElement(ISearchContext context)&#xD;
   at OpenQA.Selenium.Remote.RemoteWebDriver.FindElement(By by)&#xD;
   at com.edgewords.Amtrustcourse.Helpers.Helper_Library.&lt;&gt;c__DisplayClass0_0.&lt;WaitForElement&gt;b__0(IWebDriver driver) in C:\Users\edgewords\source\repos\com.edgewords.Amtrustcourse\Helpers\Helper_Library.cs:line 17&#xD;
   at OpenQA.Selenium.Support.UI.DefaultWait`1.Until[TResult](Func`2 condition)</StackTrace>
        </ErrorInfo>
      </Output>
    </UnitTestResult>
  </Results>
  <TestDefinitions>
    <UnitTest name="selIDEDemo(&quot;stevepowell123&quot;,&quot;password123&quot;)" storage="c:\users\edgewords\source\repos\com.edgewords.amtrustcourse\bin\debug\netcoreapp3.1\com.edgewords.amtrustcourse.dll" id="a3404dd1-a3c2-73e8-915c-7e19d058efdf">
      <Execution id="dd278700-0982-4381-9bc0-c994c66fa0a4" />
      <TestMethod codeBase="C:\Users\edgewords\source\repos\com.edgewords.Amtrustcourse\bin\Debug\netcoreapp3.1\com.edgewords.Amtrustcourse.dll" adapterTypeName="executor://nunit3testexecutor/" className="com.edgewords.Amtrustcourse.Test_Cases.SelIDEDemoTest" name="selIDEDemo(&quot;stevepowell123&quot;,&quot;password123&quot;)" />
    </UnitTest>
    <UnitTest name="storesync" storage="c:\users\edgewords\source\repos\com.edgewords.amtrustcourse\bin\debug\netcoreapp3.1\com.edgewords.amtrustcourse.dll" id="45bb54a3-9a43-51c0-3bbc-530129116107">
      <Execution id="91a99c47-30fc-425f-a354-3f75c2c439a4" />
      <TestMethod codeBase="C:\Users\edgewords\source\repos\com.edgewords.Amtrustcourse\bin\Debug\netcoreapp3.1\com.edgewords.Amtrustcourse.dll" adapterTypeName="executor://nunit3testexecutor/" className="com.edgewords.Amtrustcourse.Test_Cases.StoresyncTest" name="storesync" />
    </UnitTest>
    <UnitTest name="selIDEDemo(&quot;edgewords&quot;,&quot;edgewords123&quot;)" storage="c:\users\edgewords\source\repos\com.edgewords.amtrustcourse\bin\debug\netcoreapp3.1\com.edgewords.amtrustcourse.dll" id="956dfd24-74a8-177a-b915-da465393d29a">
      <Execution id="67bdd19e-1de3-4ad0-8f40-4a656d57bcbe" />
      <TestMethod codeBase="C:\Users\edgewords\source\repos\com.edgewords.Amtrustcourse\bin\Debug\netcoreapp3.1\com.edgewords.Amtrustcourse.dll" adapterTypeName="executor://nunit3testexecutor/" className="com.edgewords.Amtrustcourse.Test_Cases.SelIDEDemoTest" name="selIDEDemo(&quot;edgewords&quot;,&quot;edgewords123&quot;)" />
    </UnitTest>
  </TestDefinitions>
  <TestEntries>
    <TestEntry testId="45bb54a3-9a43-51c0-3bbc-530129116107" executionId="91a99c47-30fc-425f-a354-3f75c2c439a4" testListId="8c84fa94-04c1-424b-9868-57a2d4851a1d" />
    <TestEntry testId="956dfd24-74a8-177a-b915-da465393d29a" executionId="67bdd19e-1de3-4ad0-8f40-4a656d57bcbe" testListId="8c84fa94-04c1-424b-9868-57a2d4851a1d" />
    <TestEntry testId="a3404dd1-a3c2-73e8-915c-7e19d058efdf" executionId="dd278700-0982-4381-9bc0-c994c66fa0a4" testListId="8c84fa94-04c1-424b-9868-57a2d4851a1d" />
  </TestEntries>
  <TestLists>
    <TestList name="Results Not in a List" id="8c84fa94-04c1-424b-9868-57a2d4851a1d" />
    <TestList name="All Loaded Results" id="19431567-8539-422a-85d7-44ee4e166bda" />
  </TestLists>
  <ResultSummary outcome="Failed">
    <Counters total="3" executed="3" passed="1" failed="2" error="0" timeout="0" aborted="0" inconclusive="0" passedButRunAborted="0" notRunnable="0" notExecuted="0" disconnected="0" warning="0" completed="0" inProgress="0" pending="0" />
    <Output>
      <StdOut>NUnit Adapter 3.17.0.0: Test execution started&#xD;
Running all tests in C:\Users\edgewords\source\repos\com.edgewords.Amtrustcourse\bin\Debug\netcoreapp3.1\com.edgewords.Amtrustcourse.dll&#xD;
   NUnit3TestExecutor discovered 7 of 7 NUnit test cases&#xD;
The parameter value was: &#xD;
&#xD;
The parameter value was: &#xD;
&#xD;
Skip to navigation&#xD;
Skip to content&#xD;
Edgewords Shop&#xD;
e-commerce demo site for Training&#xD;
Search for:&#xD;
Search&#xD;
Home&#xD;
Shop&#xD;
Cart&#xD;
Checkout&#xD;
My account&#xD;
Blog&#xD;
£0.00 0 items&#xD;
Welcome&#xD;
Welcome to Edgewords e-commerce demo&#xD;
Please note that no real products can be purchased on this site!&#xD;
Shop by Category&#xD;
Accessories (4)&#xD;
Hoodies (4)&#xD;
Tshirts (4)&#xD;
New In&#xD;
Vneck Tshirt&#xD;
£18.00&#xD;
Add to cart&#xD;
Tshirt&#xD;
£18.00&#xD;
Add to cart&#xD;
Polo&#xD;
£20.00&#xD;
Add to cart&#xD;
Long Sleeve Tee&#xD;
£25.00&#xD;
Add to cart&#xD;
We Recommend&#xD;
Hoodie&#xD;
SALE!&#xD;
£45.00 £42.00&#xD;
Add to cart&#xD;
Hoodie with Zipper&#xD;
£45.00&#xD;
Add to cart&#xD;
Hoodie with Pocket&#xD;
SALE!&#xD;
£45.00 £35.00&#xD;
Add to cart&#xD;
Sunglasses&#xD;
£90.00&#xD;
Add to cart&#xD;
Fan Favorites&#xD;
Beanie&#xD;
SALE!&#xD;
£20.00 £18.00&#xD;
Add to cart&#xD;
Belt&#xD;
SALE!&#xD;
£65.00 £55.00&#xD;
Add to cart&#xD;
Cap&#xD;
SALE!&#xD;
£18.00 £16.00&#xD;
Add to cart&#xD;
Sunglasses&#xD;
£90.00&#xD;
Add to cart&#xD;
On Sale&#xD;
Hoodie&#xD;
SALE!&#xD;
£45.00 £42.00&#xD;
Add to cart&#xD;
Hoodie with Pocket&#xD;
SALE!&#xD;
£45.00 £35.00&#xD;
Add to cart&#xD;
Cap&#xD;
SALE!&#xD;
£18.00 £16.00&#xD;
Add to cart&#xD;
Belt&#xD;
SALE!&#xD;
£65.00 £55.00&#xD;
Add to cart&#xD;
Best Sellers&#xD;
Vneck Tshirt&#xD;
£18.00&#xD;
Add to cart&#xD;
Cap&#xD;
SALE!&#xD;
£18.00 £16.00&#xD;
Add to cart&#xD;
Tshirt&#xD;
£18.00&#xD;
Add to cart&#xD;
Belt&#xD;
SALE!&#xD;
£65.00 £55.00&#xD;
Add to cart&#xD;
© Edgewords Shop 2021&#xD;
Built with Storefront &amp; WooCommerce.&#xD;
searchpos : 934&#xD;
&#xD;
NUnit Adapter 3.17.0.0: Test execution complete&#xD;
</StdOut>
    </Output>
  </ResultSummary>
</TestRun>