<?xml version="1.0" encoding="utf-8"?>
<TestRun id="243555a8-b014-4451-86b5-39fd05e19cec" name="edgewords@DESKTOP-4MJFA01 2021-06-09 11:41:45" runUser="DESKTOP-4MJFA01\edgewords" xmlns="http://microsoft.com/schemas/VisualStudio/TeamTest/2010">
  <Times creation="2021-06-09T11:41:45.4658260+01:00" queuing="2021-06-09T11:41:45.4658274+01:00" start="2021-06-09T11:41:32.6590715+01:00" finish="2021-06-09T11:42:04.2386062+01:00" />
  <TestSettings name="default" id="834cbe5c-0bce-44e7-878c-59b68a4bc6aa">
    <Deployment runDeploymentRoot="edgewords_DESKTOP-4MJFA01_2021-06-09_11_41_45" />
  </TestSettings>
  <Results>
    <UnitTestResult executionId="d9f9b3af-51bd-492f-bf15-ac20c33d3aa3" testId="45bb54a3-9a43-51c0-3bbc-530129116107" testName="storesync" computerName="DESKTOP-4MJFA01" duration="00:00:18.4914029" startTime="2021-06-09T11:41:45.3158840+01:00" endTime="2021-06-09T11:42:03.8072858+01:00" testType="13cdc9d9-ddb5-4fa4-a97d-d965ccfc6d4b" outcome="Passed" testListId="8c84fa94-04c1-424b-9868-57a2d4851a1d" relativeResultsDirectory="d9f9b3af-51bd-492f-bf15-ac20c33d3aa3">
      <Output>
        <StdOut>Skip to navigation&#xD;
Skip to content&#xD;
Edgewords Shop&#xD;
e-commerce demo site for Training&#xD;
Search for:&#xD;
Search&#xD;
Home&#xD;
Shop&#xD;
Cart&#xD;
Checkout&#xD;
My account&#xD;
Blog&#xD;
£0.00 0 items&#xD;
Welcome&#xD;
Welcome to Edgewords e-commerce demo&#xD;
Please note that no real products can be purchased on this site!&#xD;
Shop by Category&#xD;
Accessories (4)&#xD;
Hoodies (4)&#xD;
Tshirts (4)&#xD;
New In&#xD;
Vneck Tshirt&#xD;
£18.00&#xD;
Add to cart&#xD;
Tshirt&#xD;
£18.00&#xD;
Add to cart&#xD;
Polo&#xD;
£20.00&#xD;
Add to cart&#xD;
Long Sleeve Tee&#xD;
£25.00&#xD;
Add to cart&#xD;
We Recommend&#xD;
Hoodie&#xD;
SALE!&#xD;
£45.00 £42.00&#xD;
Add to cart&#xD;
Hoodie with Zipper&#xD;
£45.00&#xD;
Add to cart&#xD;
Hoodie with Pocket&#xD;
SALE!&#xD;
£45.00 £35.00&#xD;
Add to cart&#xD;
Sunglasses&#xD;
£90.00&#xD;
Add to cart&#xD;
Fan Favorites&#xD;
Beanie&#xD;
SALE!&#xD;
£20.00 £18.00&#xD;
Add to cart&#xD;
Belt&#xD;
SALE!&#xD;
£65.00 £55.00&#xD;
Add to cart&#xD;
Cap&#xD;
SALE!&#xD;
£18.00 £16.00&#xD;
Add to cart&#xD;
Sunglasses&#xD;
£90.00&#xD;
Add to cart&#xD;
On Sale&#xD;
Hoodie&#xD;
SALE!&#xD;
£45.00 £42.00&#xD;
Add to cart&#xD;
Hoodie with Pocket&#xD;
SALE!&#xD;
£45.00 £35.00&#xD;
Add to cart&#xD;
Cap&#xD;
SALE!&#xD;
£18.00 £16.00&#xD;
Add to cart&#xD;
Belt&#xD;
SALE!&#xD;
£65.00 £55.00&#xD;
Add to cart&#xD;
Best Sellers&#xD;
Vneck Tshirt&#xD;
£18.00&#xD;
Add to cart&#xD;
Cap&#xD;
SALE!&#xD;
£18.00 £16.00&#xD;
Add to cart&#xD;
Tshirt&#xD;
£18.00&#xD;
Add to cart&#xD;
Belt&#xD;
SALE!&#xD;
£65.00 £55.00&#xD;
Add to cart&#xD;
© Edgewords Shop 2021&#xD;
Built with Storefront &amp; WooCommerce.&#xD;
searchpos : 1252</StdOut>
      </Output>
    </UnitTestResult>
    <UnitTestResult executionId="cdea2cd3-4180-4d3f-b46e-256365d65759" testId="f72e7823-eae3-69dd-b0d1-4632580bda65" testName="selIDEDemo" computerName="DESKTOP-4MJFA01" duration="00:00:09.4268439" startTime="2021-06-09T11:41:35.8646247+01:00" endTime="2021-06-09T11:41:45.2911701+01:00" testType="13cdc9d9-ddb5-4fa4-a97d-d965ccfc6d4b" outcome="Passed" testListId="8c84fa94-04c1-424b-9868-57a2d4851a1d" relativeResultsDirectory="cdea2cd3-4180-4d3f-b46e-256365d65759">
      <Output>
        <StdOut>Now on login page&#xD;
The alert text was: Do You Really want to Exit the Secure site! Press ok to Continue &#xD;
Back on  login page&#xD;
This is a line from TestContext</StdOut>
      </Output>
      <ResultFiles>
        <ResultFile path="DESKTOP-4MJFA01\partofpage.png" />
      </ResultFiles>
    </UnitTestResult>
  </Results>
  <TestDefinitions>
    <UnitTest name="storesync" storage="c:\users\edgewords\source\repos\com.edgewords.amtrustcourse\bin\debug\netcoreapp3.1\com.edgewords.amtrustcourse.dll" id="45bb54a3-9a43-51c0-3bbc-530129116107">
      <Execution id="d9f9b3af-51bd-492f-bf15-ac20c33d3aa3" />
      <TestMethod codeBase="C:\Users\edgewords\source\repos\com.edgewords.Amtrustcourse\bin\Debug\netcoreapp3.1\com.edgewords.Amtrustcourse.dll" adapterTypeName="executor://nunit3testexecutor/" className="com.edgewords.Amtrustcourse.Test_Cases.StoresyncTest" name="storesync" />
    </UnitTest>
    <UnitTest name="selIDEDemo" storage="c:\users\edgewords\source\repos\com.edgewords.amtrustcourse\bin\debug\netcoreapp3.1\com.edgewords.amtrustcourse.dll" id="f72e7823-eae3-69dd-b0d1-4632580bda65">
      <Execution id="cdea2cd3-4180-4d3f-b46e-256365d65759" />
      <TestMethod codeBase="C:\Users\edgewords\source\repos\com.edgewords.Amtrustcourse\bin\Debug\netcoreapp3.1\com.edgewords.Amtrustcourse.dll" adapterTypeName="executor://nunit3testexecutor/" className="com.edgewords.Amtrustcourse.Test_Cases.SelIDEDemoTest" name="selIDEDemo" />
    </UnitTest>
  </TestDefinitions>
  <TestEntries>
    <TestEntry testId="45bb54a3-9a43-51c0-3bbc-530129116107" executionId="d9f9b3af-51bd-492f-bf15-ac20c33d3aa3" testListId="8c84fa94-04c1-424b-9868-57a2d4851a1d" />
    <TestEntry testId="f72e7823-eae3-69dd-b0d1-4632580bda65" executionId="cdea2cd3-4180-4d3f-b46e-256365d65759" testListId="8c84fa94-04c1-424b-9868-57a2d4851a1d" />
  </TestEntries>
  <TestLists>
    <TestList name="Results Not in a List" id="8c84fa94-04c1-424b-9868-57a2d4851a1d" />
    <TestList name="All Loaded Results" id="19431567-8539-422a-85d7-44ee4e166bda" />
  </TestLists>
  <ResultSummary outcome="Completed">
    <Counters total="2" executed="2" passed="2" failed="0" error="0" timeout="0" aborted="0" inconclusive="0" passedButRunAborted="0" notRunnable="0" notExecuted="0" disconnected="0" warning="0" completed="0" inProgress="0" pending="0" />
    <Output>
      <StdOut>NUnit Adapter 3.17.0.0: Test execution started&#xD;
Running all tests in C:\Users\edgewords\source\repos\com.edgewords.Amtrustcourse\bin\Debug\netcoreapp3.1\com.edgewords.Amtrustcourse.dll&#xD;
   NUnit3TestExecutor discovered 6 of 6 NUnit test cases&#xD;
Now on login page&#xD;
The alert text was: Do You Really want to Exit the Secure site! Press ok to Continue &#xD;
Back on  login page&#xD;
This is a line from TestContext&#xD;
&#xD;
Skip to navigation&#xD;
Skip to content&#xD;
Edgewords Shop&#xD;
e-commerce demo site for Training&#xD;
Search for:&#xD;
Search&#xD;
Home&#xD;
Shop&#xD;
Cart&#xD;
Checkout&#xD;
My account&#xD;
Blog&#xD;
£0.00 0 items&#xD;
Welcome&#xD;
Welcome to Edgewords e-commerce demo&#xD;
Please note that no real products can be purchased on this site!&#xD;
Shop by Category&#xD;
Accessories (4)&#xD;
Hoodies (4)&#xD;
Tshirts (4)&#xD;
New In&#xD;
Vneck Tshirt&#xD;
£18.00&#xD;
Add to cart&#xD;
Tshirt&#xD;
£18.00&#xD;
Add to cart&#xD;
Polo&#xD;
£20.00&#xD;
Add to cart&#xD;
Long Sleeve Tee&#xD;
£25.00&#xD;
Add to cart&#xD;
We Recommend&#xD;
Hoodie&#xD;
SALE!&#xD;
£45.00 £42.00&#xD;
Add to cart&#xD;
Hoodie with Zipper&#xD;
£45.00&#xD;
Add to cart&#xD;
Hoodie with Pocket&#xD;
SALE!&#xD;
£45.00 £35.00&#xD;
Add to cart&#xD;
Sunglasses&#xD;
£90.00&#xD;
Add to cart&#xD;
Fan Favorites&#xD;
Beanie&#xD;
SALE!&#xD;
£20.00 £18.00&#xD;
Add to cart&#xD;
Belt&#xD;
SALE!&#xD;
£65.00 £55.00&#xD;
Add to cart&#xD;
Cap&#xD;
SALE!&#xD;
£18.00 £16.00&#xD;
Add to cart&#xD;
Sunglasses&#xD;
£90.00&#xD;
Add to cart&#xD;
On Sale&#xD;
Hoodie&#xD;
SALE!&#xD;
£45.00 £42.00&#xD;
Add to cart&#xD;
Hoodie with Pocket&#xD;
SALE!&#xD;
£45.00 £35.00&#xD;
Add to cart&#xD;
Cap&#xD;
SALE!&#xD;
£18.00 £16.00&#xD;
Add to cart&#xD;
Belt&#xD;
SALE!&#xD;
£65.00 £55.00&#xD;
Add to cart&#xD;
Best Sellers&#xD;
Vneck Tshirt&#xD;
£18.00&#xD;
Add to cart&#xD;
Cap&#xD;
SALE!&#xD;
£18.00 £16.00&#xD;
Add to cart&#xD;
Tshirt&#xD;
£18.00&#xD;
Add to cart&#xD;
Belt&#xD;
SALE!&#xD;
£65.00 £55.00&#xD;
Add to cart&#xD;
© Edgewords Shop 2021&#xD;
Built with Storefront &amp; WooCommerce.&#xD;
searchpos : 1252&#xD;
&#xD;
NUnit Adapter 3.17.0.0: Test execution complete&#xD;
</StdOut>
    </Output>
  </ResultSummary>
</TestRun>